Determining if the pthread_create exist failed with the following output:
Change Dir: /home/yunus/dummy_ws/dummy_repo/build/catkin_tools_prebuild/CMakeFiles/CMakeTmp

Run Build Command:"/usr/bin/make" "cmTC_aea27/fast"
/usr/bin/make -f CMakeFiles/cmTC_aea27.dir/build.make CMakeFiles/cmTC_aea27.dir/build
make[1]: Entering directory '/home/yunus/dummy_ws/dummy_repo/build/catkin_tools_prebuild/CMakeFiles/CMakeTmp'
Building C object CMakeFiles/cmTC_aea27.dir/CheckSymbolExists.c.o
/usr/bin/cc    -o CMakeFiles/cmTC_aea27.dir/CheckSymbolExists.c.o   -c /home/yunus/dummy_ws/dummy_repo/build/catkin_tools_prebuild/CMakeFiles/CMakeTmp/CheckSymbolExists.c
Linking C executable cmTC_aea27
/usr/bin/cmake -E cmake_link_script CMakeFiles/cmTC_aea27.dir/link.txt --verbose=1
/usr/bin/cc      -rdynamic CMakeFiles/cmTC_aea27.dir/CheckSymbolExists.c.o  -o cmTC_aea27 
CMakeFiles/cmTC_aea27.dir/CheckSymbolExists.c.o: In function `main':
CheckSymbolExists.c:(.text+0x1b): undefined reference to `pthread_create'
collect2: error: ld returned 1 exit status
CMakeFiles/cmTC_aea27.dir/build.make:97: recipe for target 'cmTC_aea27' failed
make[1]: *** [cmTC_aea27] Error 1
make[1]: Leaving directory '/home/yunus/dummy_ws/dummy_repo/build/catkin_tools_prebuild/CMakeFiles/CMakeTmp'
Makefile:126: recipe for target 'cmTC_aea27/fast' failed
make: *** [cmTC_aea27/fast] Error 2

File /home/yunus/dummy_ws/dummy_repo/build/catkin_tools_prebuild/CMakeFiles/CMakeTmp/CheckSymbolExists.c:
/* */
#include <pthread.h>

int main(int argc, char** argv)
{
  (void)argv;
#ifndef pthread_create
  return ((int*)(&pthread_create))[argc];
#else
  (void)argc;
  return 0;
#endif
}

Determining if the function pthread_create exists in the pthreads failed with the following output:
Change Dir: /home/yunus/dummy_ws/dummy_repo/build/catkin_tools_prebuild/CMakeFiles/CMakeTmp

Run Build Command:"/usr/bin/make" "cmTC_86b2c/fast"
/usr/bin/make -f CMakeFiles/cmTC_86b2c.dir/build.make CMakeFiles/cmTC_86b2c.dir/build
make[1]: Entering directory '/home/yunus/dummy_ws/dummy_repo/build/catkin_tools_prebuild/CMakeFiles/CMakeTmp'
Building C object CMakeFiles/cmTC_86b2c.dir/CheckFunctionExists.c.o
/usr/bin/cc   -DCHECK_FUNCTION_EXISTS=pthread_create   -o CMakeFiles/cmTC_86b2c.dir/CheckFunctionExists.c.o   -c /usr/share/cmake-3.10/Modules/CheckFunctionExists.c
Linking C executable cmTC_86b2c
/usr/bin/cmake -E cmake_link_script CMakeFiles/cmTC_86b2c.dir/link.txt --verbose=1
/usr/bin/cc  -DCHECK_FUNCTION_EXISTS=pthread_create    -rdynamic CMakeFiles/cmTC_86b2c.dir/CheckFunctionExists.c.o  -o cmTC_86b2c -lpthreads 
/usr/bin/ld: cannot find -lpthreads
collect2: error: ld returned 1 exit status
CMakeFiles/cmTC_86b2c.dir/build.make:97: recipe for target 'cmTC_86b2c' failed
make[1]: *** [cmTC_86b2c] Error 1
make[1]: Leaving directory '/home/yunus/dummy_ws/dummy_repo/build/catkin_tools_prebuild/CMakeFiles/CMakeTmp'
Makefile:126: recipe for target 'cmTC_86b2c/fast' failed
make: *** [cmTC_86b2c/fast] Error 2


